Determining if the pthread_create exist failed with the following output:
Change Dir: /home/yue/example_in_github/planner-px4-gazebo/build/plan_manage/CMakeFiles/CMakeTmp

Run Build Command:"/usr/bin/make" "cmTC_2d7b3/fast"
/usr/bin/make -f CMakeFiles/cmTC_2d7b3.dir/build.make CMakeFiles/cmTC_2d7b3.dir/build
make[1]: 进入目录“/home/yue/example_in_github/planner-px4-gazebo/build/plan_manage/CMakeFiles/CMakeTmp”
Building C object CMakeFiles/cmTC_2d7b3.dir/CheckSymbolExists.c.o
/usr/bin/cc    -o CMakeFiles/cmTC_2d7b3.dir/CheckSymbolExists.c.o   -c /home/yue/example_in_github/planner-px4-gazebo/build/plan_manage/CMakeFiles/CMakeTmp/CheckSymbolExists.c
Linking C executable cmTC_2d7b3
/usr/bin/cmake -E cmake_link_script CMakeFiles/cmTC_2d7b3.dir/link.txt --verbose=1
/usr/bin/cc      -rdynamic CMakeFiles/cmTC_2d7b3.dir/CheckSymbolExists.c.o  -o cmTC_2d7b3 
CMakeFiles/cmTC_2d7b3.dir/CheckSymbolExists.c.o：在函数‘main’中：
CheckSymbolExists.c:(.text+0x1b)：对‘pthread_create’未定义的引用
collect2: error: ld returned 1 exit status
CMakeFiles/cmTC_2d7b3.dir/build.make:97: recipe for target 'cmTC_2d7b3' failed
make[1]: *** [cmTC_2d7b3] Error 1
make[1]: 离开目录“/home/yue/example_in_github/planner-px4-gazebo/build/plan_manage/CMakeFiles/CMakeTmp”
Makefile:126: recipe for target 'cmTC_2d7b3/fast' failed
make: *** [cmTC_2d7b3/fast] Error 2

File /home/yue/example_in_github/planner-px4-gazebo/build/plan_manage/CMakeFiles/CMakeTmp/CheckSymbolExists.c:
/* */
#include <pthread.h>

int main(int argc, char** argv)
{
  (void)argv;
#ifndef pthread_create
  return ((int*)(&pthread_create))[argc];
#else
  (void)argc;
  return 0;
#endif
}

Determining if the function pthread_create exists in the pthreads failed with the following output:
Change Dir: /home/yue/example_in_github/planner-px4-gazebo/build/plan_manage/CMakeFiles/CMakeTmp

Run Build Command:"/usr/bin/make" "cmTC_f43b6/fast"
/usr/bin/make -f CMakeFiles/cmTC_f43b6.dir/build.make CMakeFiles/cmTC_f43b6.dir/build
make[1]: 进入目录“/home/yue/example_in_github/planner-px4-gazebo/build/plan_manage/CMakeFiles/CMakeTmp”
Building C object CMakeFiles/cmTC_f43b6.dir/CheckFunctionExists.c.o
/usr/bin/cc   -DCHECK_FUNCTION_EXISTS=pthread_create   -o CMakeFiles/cmTC_f43b6.dir/CheckFunctionExists.c.o   -c /usr/share/cmake-3.10/Modules/CheckFunctionExists.c
Linking C executable cmTC_f43b6
/usr/bin/cmake -E cmake_link_script CMakeFiles/cmTC_f43b6.dir/link.txt --verbose=1
/usr/bin/cc  -DCHECK_FUNCTION_EXISTS=pthread_create    -rdynamic CMakeFiles/cmTC_f43b6.dir/CheckFunctionExists.c.o  -o cmTC_f43b6 -lpthreads 
/usr/bin/ld: 找不到 -lpthreads
collect2: error: ld returned 1 exit status
CMakeFiles/cmTC_f43b6.dir/build.make:97: recipe for target 'cmTC_f43b6' failed
make[1]: *** [cmTC_f43b6] Error 1
make[1]: 离开目录“/home/yue/example_in_github/planner-px4-gazebo/build/plan_manage/CMakeFiles/CMakeTmp”
Makefile:126: recipe for target 'cmTC_f43b6/fast' failed
make: *** [cmTC_f43b6/fast] Error 2


