Determining if the pthread_create exist failed with the following output:
Change Dir: /home/yue/example_in_github/planner-px4-gazebo/build/poly_traj/CMakeFiles/CMakeTmp

Run Build Command:"/usr/bin/make" "cmTC_0409c/fast"
/usr/bin/make -f CMakeFiles/cmTC_0409c.dir/build.make CMakeFiles/cmTC_0409c.dir/build
make[1]: 进入目录“/home/yue/example_in_github/planner-px4-gazebo/build/poly_traj/CMakeFiles/CMakeTmp”
Building C object CMakeFiles/cmTC_0409c.dir/CheckSymbolExists.c.o
/usr/bin/cc    -o CMakeFiles/cmTC_0409c.dir/CheckSymbolExists.c.o   -c /home/yue/example_in_github/planner-px4-gazebo/build/poly_traj/CMakeFiles/CMakeTmp/CheckSymbolExists.c
Linking C executable cmTC_0409c
/usr/bin/cmake -E cmake_link_script CMakeFiles/cmTC_0409c.dir/link.txt --verbose=1
/usr/bin/cc      -rdynamic CMakeFiles/cmTC_0409c.dir/CheckSymbolExists.c.o  -o cmTC_0409c 
CMakeFiles/cmTC_0409c.dir/CheckSymbolExists.c.o：在函数‘main’中：
CheckSymbolExists.c:(.text+0x1b)：对‘pthread_create’未定义的引用
collect2: error: ld returned 1 exit status
CMakeFiles/cmTC_0409c.dir/build.make:97: recipe for target 'cmTC_0409c' failed
make[1]: *** [cmTC_0409c] Error 1
make[1]: 离开目录“/home/yue/example_in_github/planner-px4-gazebo/build/poly_traj/CMakeFiles/CMakeTmp”
Makefile:126: recipe for target 'cmTC_0409c/fast' failed
make: *** [cmTC_0409c/fast] Error 2

File /home/yue/example_in_github/planner-px4-gazebo/build/poly_traj/CMakeFiles/CMakeTmp/CheckSymbolExists.c:
/* */
#include <pthread.h>

int main(int argc, char** argv)
{
  (void)argv;
#ifndef pthread_create
  return ((int*)(&pthread_create))[argc];
#else
  (void)argc;
  return 0;
#endif
}

Determining if the function pthread_create exists in the pthreads failed with the following output:
Change Dir: /home/yue/example_in_github/planner-px4-gazebo/build/poly_traj/CMakeFiles/CMakeTmp

Run Build Command:"/usr/bin/make" "cmTC_138a7/fast"
/usr/bin/make -f CMakeFiles/cmTC_138a7.dir/build.make CMakeFiles/cmTC_138a7.dir/build
make[1]: 进入目录“/home/yue/example_in_github/planner-px4-gazebo/build/poly_traj/CMakeFiles/CMakeTmp”
Building C object CMakeFiles/cmTC_138a7.dir/CheckFunctionExists.c.o
/usr/bin/cc   -DCHECK_FUNCTION_EXISTS=pthread_create   -o CMakeFiles/cmTC_138a7.dir/CheckFunctionExists.c.o   -c /usr/share/cmake-3.10/Modules/CheckFunctionExists.c
Linking C executable cmTC_138a7
/usr/bin/cmake -E cmake_link_script CMakeFiles/cmTC_138a7.dir/link.txt --verbose=1
/usr/bin/cc  -DCHECK_FUNCTION_EXISTS=pthread_create    -rdynamic CMakeFiles/cmTC_138a7.dir/CheckFunctionExists.c.o  -o cmTC_138a7 -lpthreads 
/usr/bin/ld: 找不到 -lpthreads
collect2: error: ld returned 1 exit status
CMakeFiles/cmTC_138a7.dir/build.make:97: recipe for target 'cmTC_138a7' failed
make[1]: *** [cmTC_138a7] Error 1
make[1]: 离开目录“/home/yue/example_in_github/planner-px4-gazebo/build/poly_traj/CMakeFiles/CMakeTmp”
Makefile:126: recipe for target 'cmTC_138a7/fast' failed
make: *** [cmTC_138a7/fast] Error 2


