[01m[K/home/yue/example_in_github/planner-px4-gazebo/src/Fast-Planner/fast_planner/plan_manage/src/traj_server.cpp:[m[K In function ‘[01m[Kvoid bsplineCallback(plan_manage::BsplineConstPtr)[m[K’:
[01m[K/home/yue/example_in_github/planner-px4-gazebo/src/Fast-Planner/fast_planner/plan_manage/src/traj_server.cpp:135:21:[m[K [01;35m[Kwarning: [m[Kcomparison between signed and unsigned integer expressions [[01;35m[K-Wsign-compare[m[K]
   for (int i = 0; [01;35m[Ki < msg->knots.size()[m[K; ++i) {
                   [01;35m[K~~^~~~~~~~~~~~~~~~~~~[m[K
[01m[K/home/yue/example_in_github/planner-px4-gazebo/src/Fast-Planner/fast_planner/plan_manage/src/traj_server.cpp:139:21:[m[K [01;35m[Kwarning: [m[Kcomparison between signed and unsigned integer expressions [[01;35m[K-Wsign-compare[m[K]
   for (int i = 0; [01;35m[Ki < msg->pos_pts.size()[m[K; ++i) {
                   [01;35m[K~~^~~~~~~~~~~~~~~~~~~~~[m[K
[01m[K/home/yue/example_in_github/planner-px4-gazebo/src/Fast-Planner/fast_planner/plan_manage/src/traj_server.cpp:151:21:[m[K [01;35m[Kwarning: [m[Kcomparison between signed and unsigned integer expressions [[01;35m[K-Wsign-compare[m[K]
   for (int i = 0; [01;35m[Ki < msg->yaw_pts.size()[m[K; ++i) {
                   [01;35m[K~~^~~~~~~~~~~~~~~~~~~~~[m[K
[01m[K/home/yue/example_in_github/planner-px4-gazebo/src/Fast-Planner/fast_planner/plan_manage/src/traj_server.cpp:[m[K In function ‘[01m[Kvoid cmdCallback(const ros::TimerEvent&)[m[K’:
[01m[K/home/yue/example_in_github/planner-px4-gazebo/src/Fast-Planner/fast_planner/plan_manage/src/traj_server.cpp:213:15:[m[K [01;35m[Kwarning: [m[Kvariable ‘[01m[Kyawdot[m[K’ set but not used [[01;35m[K-Wunused-but-set-variable[m[K]
   double yaw, [01;35m[Kyawdot[m[K;
               [01;35m[K^~~~~~[m[K
[01m[K/home/yue/example_in_github/planner-px4-gazebo/src/Fast-Planner/fast_planner/plan_manage/src/traj_server.cpp:239:8:[m[K [01;35m[Kwarning: [m[Kvariable ‘[01m[Kpos_err[m[K’ set but not used [[01;35m[K-Wunused-but-set-variable[m[K]
   auto [01;35m[Kpos_err[m[K = pos_f - pos;
        [01;35m[K^~~~~~~[m[K
[01m[K/home/yue/example_in_github/planner-px4-gazebo/src/Fast-Planner/fast_planner/plan_manage/src/traj_server.cpp:213:10:[m[K [01;35m[Kwarning: [m[K‘[01m[Kyaw[m[K’ may be used uninitialized in this function [[01;35m[K-Wmaybe-uninitialized[m[K]
   double [01;35m[Kyaw[m[K, yawdot;
          [01;35m[K^~~[m[K
