[  0%] Built target geometry_msgs_generate_messages_py
[  0%] Built target std_msgs_generate_messages_py
[  0%] Built target _plan_manage_generate_messages_check_deps_Bspline
[  0%] Built target std_msgs_generate_messages_eus
[  0%] Built target geometry_msgs_generate_messages_eus
[  0%] Built target geometry_msgs_generate_messages_nodejs
[  0%] Built target std_msgs_generate_messages_nodejs
[  0%] Built target geometry_msgs_generate_messages_lisp
[  0%] Built target geometry_msgs_generate_messages_cpp
[  0%] Built target std_msgs_generate_messages_lisp
[  0%] Built target std_msgs_generate_messages_cpp
[ 14%] Built target plan_manage_generate_messages_py
[ 50%] Built target fast_planner_node
[ 57%] Built target plan_manage_generate_messages_nodejs
[ 64%] Built target plan_manage_generate_messages_lisp
[ 78%] Built target plan_manage_generate_messages_eus
[ 85%] Built target plan_manage_generate_messages_cpp
[ 85%] Built target plan_manage_generate_messages
[35m[1mScanning dependencies of target traj_server[0m
[ 92%] [32mBuilding CXX object CMakeFiles/traj_server.dir/src/traj_server.cpp.o[0m
[01m[K/home/yue/example_in_github/planner-px4-gazebo/src/Fast-Planner/fast_planner/plan_manage/src/traj_server.cpp:[m[K In function ‘[01m[Kvoid bsplineCallback(plan_manage::BsplineConstPtr)[m[K’:
[01m[K/home/yue/example_in_github/planner-px4-gazebo/src/Fast-Planner/fast_planner/plan_manage/src/traj_server.cpp:135:21:[m[K [01;35m[Kwarning: [m[Kcomparison between signed and unsigned integer expressions [[01;35m[K-Wsign-compare[m[K]
   for (int i = 0; [01;35m[Ki < msg->knots.size()[m[K; ++i) {
                   [01;35m[K~~^~~~~~~~~~~~~~~~~~~[m[K
[01m[K/home/yue/example_in_github/planner-px4-gazebo/src/Fast-Planner/fast_planner/plan_manage/src/traj_server.cpp:139:21:[m[K [01;35m[Kwarning: [m[Kcomparison between signed and unsigned integer expressions [[01;35m[K-Wsign-compare[m[K]
   for (int i = 0; [01;35m[Ki < msg->pos_pts.size()[m[K; ++i) {
                   [01;35m[K~~^~~~~~~~~~~~~~~~~~~~~[m[K
[01m[K/home/yue/example_in_github/planner-px4-gazebo/src/Fast-Planner/fast_planner/plan_manage/src/traj_server.cpp:151:21:[m[K [01;35m[Kwarning: [m[Kcomparison between signed and unsigned integer expressions [[01;35m[K-Wsign-compare[m[K]
   for (int i = 0; [01;35m[Ki < msg->yaw_pts.size()[m[K; ++i) {
                   [01;35m[K~~^~~~~~~~~~~~~~~~~~~~~[m[K
[01m[K/home/yue/example_in_github/planner-px4-gazebo/src/Fast-Planner/fast_planner/plan_manage/src/traj_server.cpp:[m[K In function ‘[01m[Kvoid cmdCallback(const ros::TimerEvent&)[m[K’:
[01m[K/home/yue/example_in_github/planner-px4-gazebo/src/Fast-Planner/fast_planner/plan_manage/src/traj_server.cpp:213:15:[m[K [01;35m[Kwarning: [m[Kvariable ‘[01m[Kyawdot[m[K’ set but not used [[01;35m[K-Wunused-but-set-variable[m[K]
   double yaw, [01;35m[Kyawdot[m[K;
               [01;35m[K^~~~~~[m[K
[01m[K/home/yue/example_in_github/planner-px4-gazebo/src/Fast-Planner/fast_planner/plan_manage/src/traj_server.cpp:239:8:[m[K [01;35m[Kwarning: [m[Kvariable ‘[01m[Kpos_err[m[K’ set but not used [[01;35m[K-Wunused-but-set-variable[m[K]
   auto [01;35m[Kpos_err[m[K = pos_f - pos;
        [01;35m[K^~~~~~~[m[K
[01m[K/home/yue/example_in_github/planner-px4-gazebo/src/Fast-Planner/fast_planner/plan_manage/src/traj_server.cpp:213:10:[m[K [01;35m[Kwarning: [m[K‘[01m[Kyaw[m[K’ may be used uninitialized in this function [[01;35m[K-Wmaybe-uninitialized[m[K]
   double [01;35m[Kyaw[m[K, yawdot;
          [01;35m[K^~~[m[K
[100%] [32m[1mLinking CXX executable /home/yue/example_in_github/planner-px4-gazebo/devel/.private/plan_manage/lib/plan_manage/traj_server[0m
[100%] Built target traj_server
