Determining if the pthread_create exist failed with the following output:
Change Dir: /home/yue/example_in_github/planner-px4-gazebo/build/interface/CMakeFiles/CMakeTmp

Run Build Command:"/usr/bin/make" "cmTC_352a9/fast"
/usr/bin/make -f CMakeFiles/cmTC_352a9.dir/build.make CMakeFiles/cmTC_352a9.dir/build
make[1]: 进入目录“/home/yue/example_in_github/planner-px4-gazebo/build/interface/CMakeFiles/CMakeTmp”
Building C object CMakeFiles/cmTC_352a9.dir/CheckSymbolExists.c.o
/usr/bin/cc    -o CMakeFiles/cmTC_352a9.dir/CheckSymbolExists.c.o   -c /home/yue/example_in_github/planner-px4-gazebo/build/interface/CMakeFiles/CMakeTmp/CheckSymbolExists.c
Linking C executable cmTC_352a9
/usr/bin/cmake -E cmake_link_script CMakeFiles/cmTC_352a9.dir/link.txt --verbose=1
/usr/bin/cc      -rdynamic CMakeFiles/cmTC_352a9.dir/CheckSymbolExists.c.o  -o cmTC_352a9 
CMakeFiles/cmTC_352a9.dir/CheckSymbolExists.c.o：在函数‘main’中：
CheckSymbolExists.c:(.text+0x1b)：对‘pthread_create’未定义的引用
collect2: error: ld returned 1 exit status
CMakeFiles/cmTC_352a9.dir/build.make:97: recipe for target 'cmTC_352a9' failed
make[1]: *** [cmTC_352a9] Error 1
make[1]: 离开目录“/home/yue/example_in_github/planner-px4-gazebo/build/interface/CMakeFiles/CMakeTmp”
Makefile:126: recipe for target 'cmTC_352a9/fast' failed
make: *** [cmTC_352a9/fast] Error 2

File /home/yue/example_in_github/planner-px4-gazebo/build/interface/CMakeFiles/CMakeTmp/CheckSymbolExists.c:
/* */
#include <pthread.h>

int main(int argc, char** argv)
{
  (void)argv;
#ifndef pthread_create
  return ((int*)(&pthread_create))[argc];
#else
  (void)argc;
  return 0;
#endif
}

Determining if the function pthread_create exists in the pthreads failed with the following output:
Change Dir: /home/yue/example_in_github/planner-px4-gazebo/build/interface/CMakeFiles/CMakeTmp

Run Build Command:"/usr/bin/make" "cmTC_5f0b7/fast"
/usr/bin/make -f CMakeFiles/cmTC_5f0b7.dir/build.make CMakeFiles/cmTC_5f0b7.dir/build
make[1]: 进入目录“/home/yue/example_in_github/planner-px4-gazebo/build/interface/CMakeFiles/CMakeTmp”
Building C object CMakeFiles/cmTC_5f0b7.dir/CheckFunctionExists.c.o
/usr/bin/cc   -DCHECK_FUNCTION_EXISTS=pthread_create   -o CMakeFiles/cmTC_5f0b7.dir/CheckFunctionExists.c.o   -c /usr/share/cmake-3.10/Modules/CheckFunctionExists.c
Linking C executable cmTC_5f0b7
/usr/bin/cmake -E cmake_link_script CMakeFiles/cmTC_5f0b7.dir/link.txt --verbose=1
/usr/bin/cc  -DCHECK_FUNCTION_EXISTS=pthread_create    -rdynamic CMakeFiles/cmTC_5f0b7.dir/CheckFunctionExists.c.o  -o cmTC_5f0b7 -lpthreads 
/usr/bin/ld: 找不到 -lpthreads
collect2: error: ld returned 1 exit status
CMakeFiles/cmTC_5f0b7.dir/build.make:97: recipe for target 'cmTC_5f0b7' failed
make[1]: *** [cmTC_5f0b7] Error 1
make[1]: 离开目录“/home/yue/example_in_github/planner-px4-gazebo/build/interface/CMakeFiles/CMakeTmp”
Makefile:126: recipe for target 'cmTC_5f0b7/fast' failed
make: *** [cmTC_5f0b7/fast] Error 2


