Determining if the pthread_create exist failed with the following output:
Change Dir: /home/yue/example_in_github/planner-px4-gazebo/build/bspline_opt/CMakeFiles/CMakeTmp

Run Build Command:"/usr/bin/make" "cmTC_8895d/fast"
/usr/bin/make -f CMakeFiles/cmTC_8895d.dir/build.make CMakeFiles/cmTC_8895d.dir/build
make[1]: 进入目录“/home/yue/example_in_github/planner-px4-gazebo/build/bspline_opt/CMakeFiles/CMakeTmp”
Building C object CMakeFiles/cmTC_8895d.dir/CheckSymbolExists.c.o
/usr/bin/cc    -o CMakeFiles/cmTC_8895d.dir/CheckSymbolExists.c.o   -c /home/yue/example_in_github/planner-px4-gazebo/build/bspline_opt/CMakeFiles/CMakeTmp/CheckSymbolExists.c
Linking C executable cmTC_8895d
/usr/bin/cmake -E cmake_link_script CMakeFiles/cmTC_8895d.dir/link.txt --verbose=1
/usr/bin/cc      -rdynamic CMakeFiles/cmTC_8895d.dir/CheckSymbolExists.c.o  -o cmTC_8895d 
CMakeFiles/cmTC_8895d.dir/CheckSymbolExists.c.o：在函数‘main’中：
CheckSymbolExists.c:(.text+0x1b)：对‘pthread_create’未定义的引用
collect2: error: ld returned 1 exit status
CMakeFiles/cmTC_8895d.dir/build.make:97: recipe for target 'cmTC_8895d' failed
make[1]: *** [cmTC_8895d] Error 1
make[1]: 离开目录“/home/yue/example_in_github/planner-px4-gazebo/build/bspline_opt/CMakeFiles/CMakeTmp”
Makefile:126: recipe for target 'cmTC_8895d/fast' failed
make: *** [cmTC_8895d/fast] Error 2

File /home/yue/example_in_github/planner-px4-gazebo/build/bspline_opt/CMakeFiles/CMakeTmp/CheckSymbolExists.c:
/* */
#include <pthread.h>

int main(int argc, char** argv)
{
  (void)argv;
#ifndef pthread_create
  return ((int*)(&pthread_create))[argc];
#else
  (void)argc;
  return 0;
#endif
}

Determining if the function pthread_create exists in the pthreads failed with the following output:
Change Dir: /home/yue/example_in_github/planner-px4-gazebo/build/bspline_opt/CMakeFiles/CMakeTmp

Run Build Command:"/usr/bin/make" "cmTC_2e1ce/fast"
/usr/bin/make -f CMakeFiles/cmTC_2e1ce.dir/build.make CMakeFiles/cmTC_2e1ce.dir/build
make[1]: 进入目录“/home/yue/example_in_github/planner-px4-gazebo/build/bspline_opt/CMakeFiles/CMakeTmp”
Building C object CMakeFiles/cmTC_2e1ce.dir/CheckFunctionExists.c.o
/usr/bin/cc   -DCHECK_FUNCTION_EXISTS=pthread_create   -o CMakeFiles/cmTC_2e1ce.dir/CheckFunctionExists.c.o   -c /usr/share/cmake-3.10/Modules/CheckFunctionExists.c
Linking C executable cmTC_2e1ce
/usr/bin/cmake -E cmake_link_script CMakeFiles/cmTC_2e1ce.dir/link.txt --verbose=1
/usr/bin/cc  -DCHECK_FUNCTION_EXISTS=pthread_create    -rdynamic CMakeFiles/cmTC_2e1ce.dir/CheckFunctionExists.c.o  -o cmTC_2e1ce -lpthreads 
/usr/bin/ld: 找不到 -lpthreads
collect2: error: ld returned 1 exit status
CMakeFiles/cmTC_2e1ce.dir/build.make:97: recipe for target 'cmTC_2e1ce' failed
make[1]: *** [cmTC_2e1ce] Error 1
make[1]: 离开目录“/home/yue/example_in_github/planner-px4-gazebo/build/bspline_opt/CMakeFiles/CMakeTmp”
Makefile:126: recipe for target 'cmTC_2e1ce/fast' failed
make: *** [cmTC_2e1ce/fast] Error 2


