Determining if the pthread_create exist failed with the following output:
Change Dir: /home/yue/example_in_github/planner-px4-gazebo/build/bspline/CMakeFiles/CMakeTmp

Run Build Command:"/usr/bin/make" "cmTC_d4a85/fast"
/usr/bin/make -f CMakeFiles/cmTC_d4a85.dir/build.make CMakeFiles/cmTC_d4a85.dir/build
make[1]: 进入目录“/home/yue/example_in_github/planner-px4-gazebo/build/bspline/CMakeFiles/CMakeTmp”
Building C object CMakeFiles/cmTC_d4a85.dir/CheckSymbolExists.c.o
/usr/bin/cc    -o CMakeFiles/cmTC_d4a85.dir/CheckSymbolExists.c.o   -c /home/yue/example_in_github/planner-px4-gazebo/build/bspline/CMakeFiles/CMakeTmp/CheckSymbolExists.c
Linking C executable cmTC_d4a85
/usr/bin/cmake -E cmake_link_script CMakeFiles/cmTC_d4a85.dir/link.txt --verbose=1
/usr/bin/cc      -rdynamic CMakeFiles/cmTC_d4a85.dir/CheckSymbolExists.c.o  -o cmTC_d4a85 
CMakeFiles/cmTC_d4a85.dir/CheckSymbolExists.c.o：在函数‘main’中：
CheckSymbolExists.c:(.text+0x1b)：对‘pthread_create’未定义的引用
collect2: error: ld returned 1 exit status
CMakeFiles/cmTC_d4a85.dir/build.make:97: recipe for target 'cmTC_d4a85' failed
make[1]: *** [cmTC_d4a85] Error 1
make[1]: 离开目录“/home/yue/example_in_github/planner-px4-gazebo/build/bspline/CMakeFiles/CMakeTmp”
Makefile:126: recipe for target 'cmTC_d4a85/fast' failed
make: *** [cmTC_d4a85/fast] Error 2

File /home/yue/example_in_github/planner-px4-gazebo/build/bspline/CMakeFiles/CMakeTmp/CheckSymbolExists.c:
/* */
#include <pthread.h>

int main(int argc, char** argv)
{
  (void)argv;
#ifndef pthread_create
  return ((int*)(&pthread_create))[argc];
#else
  (void)argc;
  return 0;
#endif
}

Determining if the function pthread_create exists in the pthreads failed with the following output:
Change Dir: /home/yue/example_in_github/planner-px4-gazebo/build/bspline/CMakeFiles/CMakeTmp

Run Build Command:"/usr/bin/make" "cmTC_56617/fast"
/usr/bin/make -f CMakeFiles/cmTC_56617.dir/build.make CMakeFiles/cmTC_56617.dir/build
make[1]: 进入目录“/home/yue/example_in_github/planner-px4-gazebo/build/bspline/CMakeFiles/CMakeTmp”
Building C object CMakeFiles/cmTC_56617.dir/CheckFunctionExists.c.o
/usr/bin/cc   -DCHECK_FUNCTION_EXISTS=pthread_create   -o CMakeFiles/cmTC_56617.dir/CheckFunctionExists.c.o   -c /usr/share/cmake-3.10/Modules/CheckFunctionExists.c
Linking C executable cmTC_56617
/usr/bin/cmake -E cmake_link_script CMakeFiles/cmTC_56617.dir/link.txt --verbose=1
/usr/bin/cc  -DCHECK_FUNCTION_EXISTS=pthread_create    -rdynamic CMakeFiles/cmTC_56617.dir/CheckFunctionExists.c.o  -o cmTC_56617 -lpthreads 
/usr/bin/ld: 找不到 -lpthreads
collect2: error: ld returned 1 exit status
CMakeFiles/cmTC_56617.dir/build.make:97: recipe for target 'cmTC_56617' failed
make[1]: *** [cmTC_56617] Error 1
make[1]: 离开目录“/home/yue/example_in_github/planner-px4-gazebo/build/bspline/CMakeFiles/CMakeTmp”
Makefile:126: recipe for target 'cmTC_56617/fast' failed
make: *** [cmTC_56617/fast] Error 2


