[01m[K/home/yue/example_in_github/planner-px4-gazebo/src/interface/src/controller.cpp:[m[K In function ‘[01m[Kint main(int, char**)[m[K’:
[01m[K/home/yue/example_in_github/planner-px4-gazebo/src/interface/src/controller.cpp:119:119:[m[K [01;31m[Kerror: [m[Kno matching function for call to ‘[01m[Katan2(double)[m[K’
             _vel.twist.angular.z =0.5 * (atan2(2*cos(angle / 2)*sin(angle / 2)/(1-(2*(sin(angle / 2)*sin(angle / 2))))[01;31m[K)[m[K);
                                                                                                                       [01;31m[K^[m[K
In file included from [01m[K/usr/include/features.h:424:0[m[K,
                 from [01m[K/usr/include/x86_64-linux-gnu/c++/7/bits/os_defines.h:39[m[K,
                 from [01m[K/usr/include/x86_64-linux-gnu/c++/7/bits/c++config.h:533[m[K,
                 from [01m[K/usr/include/c++/7/cstdlib:41[m[K,
                 from [01m[K/usr/include/c++/7/stdlib.h:36[m[K,
                 from [01m[K/opt/ros/melodic/include/ros/platform.h:37[m[K,
                 from [01m[K/opt/ros/melodic/include/ros/time.h:53[m[K,
                 from [01m[K/opt/ros/melodic/include/ros/ros.h:38[m[K,
                 from [01m[K/home/yue/example_in_github/planner-px4-gazebo/src/interface/src/controller.cpp:1[m[K:
[01m[K/usr/include/x86_64-linux-gnu/bits/mathcalls.h:59:1:[m[K [01;36m[Knote: [m[Kcandidate: double atan2(double, double)
 [01;36m[K_[m[K_MATHCALL (atan2,, (_Mdouble_ __y, _Mdouble_ __x));
 [01;36m[K^[m[K
[01m[K/usr/include/x86_64-linux-gnu/bits/mathcalls.h:59:1:[m[K [01;36m[Knote: [m[K  candidate expects 2 arguments, 1 provided
In file included from [01m[K/opt/ros/melodic/include/ros/time.h:55:0[m[K,
                 from [01m[K/opt/ros/melodic/include/ros/ros.h:38[m[K,
                 from [01m[K/home/yue/example_in_github/planner-px4-gazebo/src/interface/src/controller.cpp:1[m[K:
[01m[K/usr/include/c++/7/cmath:144:3:[m[K [01;36m[Knote: [m[Kcandidate: constexpr float std::atan2(float, float)
   [01;36m[Katan2[m[K(float __y, float __x)
   [01;36m[K^~~~~[m[K
[01m[K/usr/include/c++/7/cmath:144:3:[m[K [01;36m[Knote: [m[K  candidate expects 2 arguments, 1 provided
[01m[K/usr/include/c++/7/cmath:148:3:[m[K [01;36m[Knote: [m[Kcandidate: constexpr long double std::atan2(long double, long double)
   [01;36m[Katan2[m[K(long double __y, long double __x)
   [01;36m[K^~~~~[m[K
[01m[K/usr/include/c++/7/cmath:148:3:[m[K [01;36m[Knote: [m[K  candidate expects 2 arguments, 1 provided
[01m[K/usr/include/c++/7/cmath:155:5:[m[K [01;36m[Knote: [m[Kcandidate: template<class _Tp, class _Up> constexpr typename __gnu_cxx::__promote_2<_Tp, _Up>::__type std::atan2(_Tp, _Up)
     [01;36m[Katan2[m[K(_Tp __y, _Up __x)
     [01;36m[K^~~~~[m[K
[01m[K/usr/include/c++/7/cmath:155:5:[m[K [01;36m[Knote: [m[K  template argument deduction/substitution failed:
[01m[K/home/yue/example_in_github/planner-px4-gazebo/src/interface/src/controller.cpp:119:119:[m[K [01;36m[Knote: [m[K  candidate expects 2 arguments, 1 provided
             _vel.twist.angular.z =0.5 * (atan2(2*cos(angle / 2)*sin(angle / 2)/(1-(2*(sin(angle / 2)*sin(angle / 2))))[01;36m[K)[m[K);
                                                                                                                       [01;36m[K^[m[K
make[2]: *** [CMakeFiles/controller.dir/src/controller.cpp.o] Error 1
make[1]: *** [CMakeFiles/controller.dir/all] Error 2
make: *** [all] Error 2
